20:56:03,561 DEBUG ifcfg: content of files (network initialization):
20:56:03,562 DEBUG ifcfg: /etc/sysconfig/network-scripts/ifcfg-eth0:
20:56:03,562 DEBUG ifcfg:   # Generated by dracut initrd
20:56:03,563 DEBUG ifcfg:   NAME="eth0"
20:56:03,563 DEBUG ifcfg:   HWADDR="52:54:00:7c:c2:1e"
20:56:03,564 DEBUG ifcfg:   ONBOOT=yes
20:56:03,564 DEBUG ifcfg:   NETBOOT=yes
20:56:03,565 DEBUG ifcfg:   UUID="a73f4f9a-0239-4ed2-8fac-687592416846"
20:56:03,565 DEBUG ifcfg:   IPV6INIT=yes
20:56:03,566 DEBUG ifcfg:   BOOTPROTO=dhcp
20:56:03,566 DEBUG ifcfg:   TYPE=Ethernet
20:56:03,578 DEBUG ifcfg: all settings: [{'802-3-ethernet': {'auto-negotiate': False, 'mac-address-blacklist': [], 's390-options': {}, 'mac-address': [82, 84, 0, 124, 194, 30]}, 'connection': {'timestamp': 1548708959L, 'permissions': [], 'type': '802-3-ethernet', 'id': 'eth0', 'uuid': 'a73f4f9a-0239-4ed2-8fac-687592416846'}, 'ipv4': {'addresses': [], 'dns-search': [], 'route-data': [], 'dns': [], 'routes': [], 'address-data': [], 'method': 'auto'}, 'proxy': {}, 'ipv6': {'addr-gen-mode': 0, 'dns-search': [], 'route-data': [], 'dns': [], 'routes': [], 'address-data': [], 'method': 'auto', 'addresses': []}}]
20:56:03,745 DEBUG ifcfg: IfcfFile.read /etc/sysconfig/network-scripts/ifcfg-eth0
20:56:03,745 DEBUG ifcfg: IfcfFile.read /etc/sysconfig/network-scripts/ifcfg-eth0
20:56:03,746 DEBUG ifcfg: IfcfFile.read /etc/sysconfig/network-scripts/ifcfg-eth0
20:56:03,747 DEBUG ifcfg: IfcfFile.read /etc/sysconfig/network-scripts/ifcfg-eth0
20:56:03,907 DEBUG ifcfg: content of files (kickstart pre section applied for devices ['eth0']):
20:56:03,908 DEBUG ifcfg: /etc/sysconfig/network-scripts/ifcfg-eth0:
20:56:03,908 DEBUG ifcfg:   # Generated by dracut initrd
20:56:03,908 DEBUG ifcfg:   NAME=eth0
20:56:03,908 DEBUG ifcfg:   HWADDR=52:54:00:7C:C2:1E
20:56:03,908 DEBUG ifcfg:   ONBOOT=no
20:56:03,908 DEBUG ifcfg:   NETBOOT=yes
20:56:03,908 DEBUG ifcfg:   UUID=a73f4f9a-0239-4ed2-8fac-687592416846
20:56:03,909 DEBUG ifcfg:   IPV6INIT=yes
20:56:03,909 DEBUG ifcfg:   BOOTPROTO=dhcp
20:56:03,909 DEBUG ifcfg:   TYPE=Ethernet
20:56:03,909 DEBUG ifcfg:   PROXY_METHOD=none
20:56:03,909 DEBUG ifcfg:   BROWSER_ONLY=no
20:56:03,909 DEBUG ifcfg:   DEFROUTE=yes
20:56:03,909 DEBUG ifcfg:   IPV4_FAILURE_FATAL=no
20:56:03,909 DEBUG ifcfg:   IPV6_AUTOCONF=yes
20:56:03,910 DEBUG ifcfg:   IPV6_DEFROUTE=yes
20:56:03,910 DEBUG ifcfg:   IPV6_FAILURE_FATAL=no
20:56:03,917 DEBUG ifcfg: all settings: [{'802-3-ethernet': {'auto-negotiate': False, 'mac-address-blacklist': [], 's390-options': {}, 'mac-address': [82, 84, 0, 124, 194, 30]}, 'connection': {'autoconnect': False, 'uuid': 'a73f4f9a-0239-4ed2-8fac-687592416846', 'timestamp': 1548708963L, 'type': '802-3-ethernet', 'id': 'eth0', 'permissions': []}, 'ipv4': {'addresses': [], 'dns-search': [], 'route-data': [], 'dns': [], 'routes': [], 'address-data': [], 'method': 'auto'}, 'proxy': {}, 'ipv6': {'addr-gen-mode': 0, 'dns-search': [], 'route-data': [], 'dns': [], 'routes': [], 'address-data': [], 'method': 'auto', 'addresses': []}}]
20:56:03,999 DEBUG ifcfg: IfcfFile.read /etc/sysconfig/network-scripts/ifcfg-eth0
20:56:04,000 DEBUG ifcfg: IfcfFile.read /etc/sysconfig/network-scripts/ifcfg-eth0
20:56:04,001 DEBUG ifcfg: IfcfFile.read /etc/sysconfig/network-scripts/ifcfg-eth0
20:56:04,001 DEBUG ifcfg: IfcfFile.read /etc/sysconfig/network-scripts/ifcfg-eth0
20:56:04,105 DEBUG ifcfg: IfcfFile.read /etc/sysconfig/network-scripts/ifcfg-eth0
20:56:04,106 DEBUG ifcfg: IfcfFile.read /etc/sysconfig/network-scripts/ifcfg-eth0
20:56:04,107 DEBUG ifcfg: IfcfFile.read /etc/sysconfig/network-scripts/ifcfg-eth0
20:56:04,108 DEBUG ifcfg: IfcfFile.read /etc/sysconfig/network-scripts/ifcfg-eth0
20:56:04,109 DEBUG ifcfg: IfcfFile.read /etc/sysconfig/network-scripts/ifcfg-eth0
20:56:04,110 DEBUG ifcfg: IfcfgFile.set /etc/sysconfig/network-scripts/ifcfg-eth0: (('ONBOOT', 'yes'),)
20:56:04,111 DEBUG ifcfg: IfcfgFile.write /etc/sysconfig/network-scripts/ifcfg-eth0:
# Generated by dracut initrd
NAME="eth0"
HWADDR="52:54:00:7C:C2:1E"
ONBOOT="yes"
NETBOOT="yes"
UUID="a73f4f9a-0239-4ed2-8fac-687592416846"
IPV6INIT="yes"
BOOTPROTO="dhcp"
TYPE="Ethernet"
PROXY_METHOD="none"
BROWSER_ONLY="no"
DEFROUTE="yes"
IPV4_FAILURE_FATAL="no"
IPV6_AUTOCONF="yes"
IPV6_DEFROUTE="yes"
IPV6_FAILURE_FATAL="no"

20:56:04,125 DEBUG ifcfg: content of files (real kickstart ONBOOT value set for devices ['eth0']):
20:56:04,125 DEBUG ifcfg: /etc/sysconfig/network-scripts/ifcfg-eth0:
20:56:04,125 DEBUG ifcfg:   # Generated by dracut initrd
20:56:04,126 DEBUG ifcfg:   NAME="eth0"
20:56:04,126 DEBUG ifcfg:   HWADDR="52:54:00:7C:C2:1E"
20:56:04,126 DEBUG ifcfg:   ONBOOT="yes"
20:56:04,126 DEBUG ifcfg:   NETBOOT="yes"
20:56:04,126 DEBUG ifcfg:   UUID="a73f4f9a-0239-4ed2-8fac-687592416846"
20:56:04,126 DEBUG ifcfg:   IPV6INIT="yes"
20:56:04,126 DEBUG ifcfg:   BOOTPROTO="dhcp"
20:56:04,127 DEBUG ifcfg:   TYPE="Ethernet"
20:56:04,127 DEBUG ifcfg:   PROXY_METHOD="none"
20:56:04,127 DEBUG ifcfg:   BROWSER_ONLY="no"
20:56:04,127 DEBUG ifcfg:   DEFROUTE="yes"
20:56:04,127 DEBUG ifcfg:   IPV4_FAILURE_FATAL="no"
20:56:04,127 DEBUG ifcfg:   IPV6_AUTOCONF="yes"
20:56:04,127 DEBUG ifcfg:   IPV6_DEFROUTE="yes"
20:56:04,127 DEBUG ifcfg:   IPV6_FAILURE_FATAL="no"
20:56:04,138 DEBUG ifcfg: all settings: [{'802-3-ethernet': {'auto-negotiate': False, 'mac-address-blacklist': [], 's390-options': {}, 'mac-address': [82, 84, 0, 124, 194, 30]}, 'connection': {'autoconnect': False, 'uuid': 'a73f4f9a-0239-4ed2-8fac-687592416846', 'timestamp': 1548708964L, 'type': '802-3-ethernet', 'id': 'eth0', 'permissions': []}, 'ipv4': {'addresses': [], 'dns-search': [], 'route-data': [], 'dns': [], 'routes': [], 'address-data': [], 'method': 'auto'}, 'proxy': {}, 'ipv6': {'addr-gen-mode': 0, 'dns-search': [], 'route-data': [], 'dns': [], 'routes': [], 'address-data': [], 'method': 'auto', 'addresses': []}}]
20:56:05,672 DEBUG ifcfg: IfcfFile.read /etc/sysconfig/network-scripts/ifcfg-eth0
20:56:05,679 DEBUG ifcfg: IfcfFile.read /etc/sysconfig/network-scripts/ifcfg-eth0
20:56:05,681 DEBUG ifcfg: IfcfFile.read /etc/sysconfig/network-scripts/ifcfg-eth0
20:56:05,682 DEBUG ifcfg: IfcfFile.read /etc/sysconfig/network-scripts/ifcfg-eth0
