Removing password for user root.
passwd: Success
Locking password for user root.
passwd: Success
Creating grub.conf for pvgrub
Linking menu.lst to old-style grub.conf for pv-grubSetting default runlevel to multiuser text mode.
Removing linux-firmware package.
Loaded plugins: fastestmirror
Resolving Dependencies
--> Running transaction check
---> Package linux-firmware.noarch 0:20180911-69.git85c5d90.el7 will be erased
--> Finished Dependency Resolution

Dependencies Resolved

================================================================================
 Package             Arch        Version                         Repository
                                                                           Size
================================================================================
Removing:
 linux-firmware      noarch      20180911-69.git85c5d90.el7      @os      176 M

Transaction Summary
================================================================================
Remove  1 Package

Installed size: 176 M
Downloading packages:
Running transaction check
Running transaction test
Transaction test succeeded
Running transaction
  Erasing    : linux-firmware-20180911-69.git85c5d90.el7.noarch             1/1 
  Verifying  : linux-firmware-20180911-69.git85c5d90.el7.noarch             1/1 

Removed:
  linux-firmware.noarch 0:20180911-69.git85c5d90.el7                            

Complete!
Removing firewalld.
Loaded plugins: fastestmirror
Resolving Dependencies
--> Running transaction check
---> Package firewalld.noarch 0:0.5.3-5.el7 will be erased
--> Finished Dependency Resolution
--> Finding unneeded leftover dependencies
---> Marking ipset to be removed - no longer needed by firewalld
---> Marking firewalld-filesystem to be removed - no longer needed by firewalld
---> Marking ebtables to be removed - no longer needed by firewalld
---> Marking python-firewall to be removed - no longer needed by firewalld
---> Marking ipset-libs to be removed - no longer needed by ipset
---> Marking python-slip-dbus to be removed - no longer needed by python-firewall
---> Marking python-slip to be removed - no longer needed by python-slip-dbus
Found and removing 7 unneeded dependencies
--> Running transaction check
---> Package ebtables.x86_64 0:2.0.10-16.el7 will be erased
---> Package firewalld-filesystem.noarch 0:0.5.3-5.el7 will be erased
---> Package ipset.x86_64 0:6.38-3.el7_6 will be erased
---> Package ipset-libs.x86_64 0:6.38-3.el7_6 will be erased
---> Package python-firewall.noarch 0:0.5.3-5.el7 will be erased
---> Package python-slip.noarch 0:0.4.0-4.el7 will be erased
---> Package python-slip-dbus.noarch 0:0.4.0-4.el7 will be erased
--> Finished Dependency Resolution

Dependencies Resolved

================================================================================
 Package                   Arch        Version              Repository     Size
================================================================================
Removing:
 firewalld                 noarch      0.5.3-5.el7          @os           1.8 M
Removing for dependencies:
 ebtables                  x86_64      2.0.10-16.el7        @os           343 k
 firewalld-filesystem      noarch      0.5.3-5.el7          @os           239  
 ipset                     x86_64      6.38-3.el7_6         @updates       76 k
 ipset-libs                x86_64      6.38-3.el7_6         @updates      175 k
 python-firewall           noarch      0.5.3-5.el7          @os           1.8 M
 python-slip               noarch      0.4.0-4.el7          @os            60 k
 python-slip-dbus          noarch      0.4.0-4.el7          @os            75 k

Transaction Summary
================================================================================
Remove  1 Package (+7 Dependent packages)

Installed size: 4.3 M
Downloading packages:
Running transaction check
Running transaction test
Transaction test succeeded
Running transaction
  Erasing    : firewalld-0.5.3-5.el7.noarch                                 1/8 
  Erasing    : python-firewall-0.5.3-5.el7.noarch                           2/8 
  Erasing    : python-slip-dbus-0.4.0-4.el7.noarch                          3/8 
  Erasing    : ipset-6.38-3.el7_6.x86_64                                    4/8 
  Erasing    : python-slip-0.4.0-4.el7.noarch                               5/8 
  Erasing    : firewalld-filesystem-0.5.3-5.el7.noarch                      6/8 
  Erasing    : ipset-libs-6.38-3.el7_6.x86_64                               7/8 
  Erasing    : ebtables-2.0.10-16.el7.x86_64                                8/8 
  Verifying  : ipset-libs-6.38-3.el7_6.x86_64                               1/8 
  Verifying  : firewalld-filesystem-0.5.3-5.el7.noarch                      2/8 
  Verifying  : firewalld-0.5.3-5.el7.noarch                                 3/8 
  Verifying  : ipset-6.38-3.el7_6.x86_64                                    4/8 
  Verifying  : python-firewall-0.5.3-5.el7.noarch                           5/8 
  Verifying  : python-slip-0.4.0-4.el7.noarch                               6/8 
  Verifying  : python-slip-dbus-0.4.0-4.el7.noarch                          7/8 
  Verifying  : ebtables-2.0.10-16.el7.x86_64                                8/8 

Removed:
  firewalld.noarch 0:0.5.3-5.el7                                                

Dependency Removed:
  ebtables.x86_64 0:2.0.10-16.el7                                               
  firewalld-filesystem.noarch 0:0.5.3-5.el7                                     
  ipset.x86_64 0:6.38-3.el7_6                                                   
  ipset-libs.x86_64 0:6.38-3.el7_6                                              
  python-firewall.noarch 0:0.5.3-5.el7                                          
  python-slip.noarch 0:0.4.0-4.el7                                              
  python-slip-dbus.noarch 0:0.4.0-4.el7                                         

Complete!
Removing avahi/zeroconf and NetworkManager
Loaded plugins: fastestmirror
No Match for argument: avahi*
Resolving Dependencies
--> Running transaction check
---> Package NetworkManager.x86_64 1:1.12.0-8.el7_6 will be erased
---> Package NetworkManager-libnm.x86_64 1:1.12.0-8.el7_6 will be erased
---> Package NetworkManager-team.x86_64 1:1.12.0-8.el7_6 will be erased
---> Package NetworkManager-tui.x86_64 1:1.12.0-8.el7_6 will be erased
--> Finished Dependency Resolution

Dependencies Resolved

================================================================================
 Package                  Arch       Version                 Repository    Size
================================================================================
Removing:
 NetworkManager           x86_64     1:1.12.0-8.el7_6        @updates     4.8 M
 NetworkManager-libnm     x86_64     1:1.12.0-8.el7_6        @updates     6.5 M
 NetworkManager-team      x86_64     1:1.12.0-8.el7_6        @updates      36 k
 NetworkManager-tui       x86_64     1:1.12.0-8.el7_6        @updates     260 k

Transaction Summary
================================================================================
Remove  4 Packages

Installed size: 12 M
Downloading packages:
Running transaction check
Running transaction test
Transaction test succeeded
Running transaction
  Erasing    : 1:NetworkManager-tui-1.12.0-8.el7_6.x86_64                   1/4 
  Erasing    : 1:NetworkManager-team-1.12.0-8.el7_6.x86_64                  2/4 
  Erasing    : 1:NetworkManager-1.12.0-8.el7_6.x86_64                       3/4 
  Erasing    : 1:NetworkManager-libnm-1.12.0-8.el7_6.x86_64                 4/4 
  Verifying  : 1:NetworkManager-team-1.12.0-8.el7_6.x86_64                  1/4 
  Verifying  : 1:NetworkManager-1.12.0-8.el7_6.x86_64                       2/4 
  Verifying  : 1:NetworkManager-tui-1.12.0-8.el7_6.x86_64                   3/4 
  Verifying  : 1:NetworkManager-libnm-1.12.0-8.el7_6.x86_64                 4/4 

Removed:
  NetworkManager.x86_64 1:1.12.0-8.el7_6                                        
  NetworkManager-libnm.x86_64 1:1.12.0-8.el7_6                                  
  NetworkManager-team.x86_64 1:1.12.0-8.el7_6                                   
  NetworkManager-tui.x86_64 1:1.12.0-8.el7_6                                    

Complete!
Getty fixesNetwork fixes.
Disabling tmpfs for /tmp.
Created symlink /etc/systemd/system/tmp.mount, pointing to /dev/null.
Cleaning old yum repodata.
Loaded plugins: fastestmirror
Cleaning repos: base extras updates
set instance type markers
Fixing SELinux contexts.
dd: error writing '/var/tmp/zeros': No space left on device
7298+0 records in
7297+0 records out
7651459072 bytes (7.7 GB) copied, 178.613 s, 42.8 MB/s
(Don't worry -- that out-of-space error was expected.)
