20:56:03,240 INFO blivet: ISCSID is /sbin/iscsid
20:56:03,241 INFO blivet: no initiator set
20:56:03,362 INFO blivet: No FCoE EDD info found: No FCoE boot disk information is found in EDD!
20:56:03,362 INFO blivet: no /etc/zfcp.conf; not configuring zfcp
20:56:04,203 DEBUG blivet:           Ext4FS.supported: supported: True ;
20:56:04,203 DEBUG blivet: getFormat('ext4') returning Ext4FS instance with object id 0
20:56:04,204 DEBUG blivet:        Ext4FS.supported: supported: True ;
20:56:04,205 DEBUG blivet: trying to set new default fstype to 'ext4'
20:56:04,206 DEBUG blivet:            Ext4FS.supported: supported: True ;
20:56:04,207 DEBUG blivet: getFormat('ext4') returning Ext4FS instance with object id 1
20:56:04,209 DEBUG blivet:         Ext4FS.supported: supported: True ;
20:56:04,224 DEBUG blivet: trying to set new default fstype to 'xfs'
20:56:04,225 DEBUG blivet:           XFS.supported: supported: True ;
20:56:04,307 DEBUG blivet: getFormat('xfs') returning XFS instance with object id 2
20:56:04,308 DEBUG blivet:         XFS.supported: supported: True ;
20:56:04,308 DEBUG blivet: trying to set new default /boot fstype to 'xfs'
20:56:04,310 DEBUG blivet:           XFS.supported: supported: True ;
20:56:04,310 DEBUG blivet: getFormat('xfs') returning XFS instance with object id 3
20:56:04,311 DEBUG blivet:         XFS.supported: supported: True ;
20:56:04,842 INFO blivet: Detected 2048 MiB of memory
20:56:04,854 INFO blivet: Suggested swap size (2048 MiB) exceeds 10 % of disk space, using 10 % of disk space (0.0) instead.
20:56:04,865 INFO blivet: Swap attempt of 0.0
20:56:04,866 INFO blivet: Detected 2048 MiB of memory
20:56:04,878 INFO blivet: Suggested swap size (2048 MiB) exceeds 10 % of disk space, using 10 % of disk space (0.0) instead.
20:56:04,889 INFO blivet: Swap attempt of 0.0
20:56:04,923 INFO blivet: resetting Blivet (version 0.61.15.72) instance <blivet.Blivet object at 0x7f1571d23e50>
20:56:04,925 INFO blivet: no initiator set
20:56:04,925 INFO blivet: not going to create backup copy of non-existent /etc/mdadm.conf
20:56:04,926 INFO blivet: DeviceTree.populate: ignoredDisks is [] ; exclusiveDisks is [u'vda']
20:56:05,118 DEBUG blivet: protected device spec /dev/zram1 resolved to None
20:56:05,131 DEBUG blivet: protected device spec /dev/zram0 resolved to None
20:56:05,012 INFO blivet: devices to scan: [u'vda', u'loop0', u'loop1', u'loop2', u'live-rw', u'live-base']
20:56:05,019 DEBUG blivet:          DeviceTree.addUdevDevice: info: {u'DEVLINKS': u'/dev/disk/by-path/pci-0000:00:05.0 /dev/disk/by-path/virtio-pci-0000:00:05.0',
 u'DEVNAME': u'/dev/vda',
 u'DEVPATH': u'/devices/pci0000:00/0000:00:05.0/virtio1/block/vda',
 u'DEVTYPE': u'disk',
 u'DM_MULTIPATH_TIMESTAMP': u'1548708956',
 u'ID_PATH': u'pci-0000:00:05.0',
 u'ID_PATH_TAG': u'pci-0000_00_05_0',
 u'MAJOR': u'252',
 u'MINOR': u'0',
 u'MPATH_SBIN_PATH': u'/sbin',
 u'SUBSYSTEM': u'block',
 u'TAGS': u':systemd:',
 u'USEC_INITIALIZED': u'992310'} ; name: vda ;
20:56:05,020 INFO blivet: scanning vda (/sys/devices/pci0000:00/0000:00:05.0/virtio1/block/vda)...
20:56:05,021 DEBUG blivet:           DeviceTree.getDeviceByName: hidden: False ; name: vda ; incomplete: False ;
20:56:05,022 DEBUG blivet:           DeviceTree.getDeviceByName returned None
20:56:05,024 DEBUG blivet:           DeviceTree.addUdevDiskDevice: name: vda ;
20:56:05,025 WARN blivet: device/model is not a valid attribute
20:56:05,027 INFO blivet: vda is a disk
20:56:05,027 DEBUG blivet: getFormat('None') returning DeviceFormat instance with object id 5
20:56:05,029 DEBUG blivet:               DiskDevice._setFormat: vda ; current: None ; type: None ;
20:56:05,031 DEBUG blivet:                DiskDevice.readCurrentSize: path: /dev/vda ; sysfsPath: /sys/devices/pci0000:00/0000:00:05.0/virtio1/block/vda ; exists: True ;
20:56:05,032 DEBUG blivet: updated vda size to 8192 MiB (8192 MiB)
20:56:05,058 INFO blivet: added disk vda (id 4) to device tree
20:56:05,058 INFO blivet: got device: u'vda'
20:56:05,060 DEBUG blivet:           DeviceTree.handleUdevDeviceFormat: name: vda ;
20:56:05,075 DEBUG blivet:            DeviceTree.handleUdevDiskLabelFormat: device: vda ; label_type: None ;
20:56:05,076 DEBUG blivet: device vda does not contain a disklabel
20:56:05,076 DEBUG blivet: no type or existing type for vda, bailing
20:56:05,079 DEBUG blivet:          DeviceTree.addUdevDevice: info: {u'DEVNAME': u'/dev/loop0',
 u'DEVPATH': u'/devices/virtual/block/loop0',
 u'DEVTYPE': u'disk',
 u'DM_MULTIPATH_TIMESTAMP': u'1548708956',
 u'ID_FS_TYPE': u'squashfs',
 u'ID_FS_USAGE': u'filesystem',
 u'ID_FS_VERSION': u'1024.0',
 u'MAJOR': u'7',
 u'MINOR': u'0',
 u'MPATH_SBIN_PATH': u'/sbin',
 u'SUBSYSTEM': u'block',
 u'TAGS': u':systemd:',
 u'USEC_INITIALIZED': u'68733'} ; name: loop0 ;
20:56:05,088 INFO blivet: scanning loop0 (/sys/devices/virtual/block/loop0)...
20:56:05,090 DEBUG blivet:           DeviceTree.getDeviceByName: hidden: False ; name: loop0 ; incomplete: False ;
20:56:05,093 DEBUG blivet:           DeviceTree.getDeviceByName returned None
20:56:05,094 INFO blivet: loop0 is a loop device
20:56:05,097 DEBUG blivet:           DeviceTree.addUdevLoopDevice: name: loop0 ;
20:56:05,108 DEBUG blivet:            DeviceTree.getDeviceByName: hidden: False ; name: /tmp/curl_fetch_url1/squashfs.img (deleted) ; incomplete: False ;
20:56:05,136 DEBUG blivet:            DeviceTree.getDeviceByName returned None
20:56:05,137 DEBUG blivet: getFormat('None') returning DeviceFormat instance with object id 9
20:56:05,145 DEBUG blivet:               FileDevice._setFormat: /tmp/curl_fetch_url1/squashfs.img (deleted) ; current: None ; type: None ;
20:56:05,146 INFO blivet: added file /tmp/curl_fetch_url1/squashfs.img (deleted) (id 8) to device tree
20:56:05,153 DEBUG blivet:                  FileDevice.addChild: kids: 0 ; name: /tmp/curl_fetch_url1/squashfs.img (deleted) ;
20:56:05,154 DEBUG blivet: getFormat('None') returning DeviceFormat instance with object id 12
20:56:05,158 DEBUG blivet:               LoopDevice._setFormat: loop0 ; current: None ; type: None ;
20:56:05,160 INFO blivet: added loop loop0 (id 11) to device tree
20:56:05,162 INFO blivet: got device: u'loop0'
20:56:05,164 DEBUG blivet:           DeviceTree.handleUdevDeviceFormat: name: loop0 ;
20:56:05,177 DEBUG blivet:            DeviceTree.handleUdevDiskLabelFormat: device: loop0 ; label_type: None ;
20:56:05,177 DEBUG blivet: device loop0 does not contain a disklabel
20:56:05,178 INFO blivet: type detected on 'loop0' is 'squashfs'
20:56:05,180 DEBUG blivet: getFormat('squashfs') returning DeviceFormat instance with object id 14
20:56:05,181 DEBUG blivet:             LoopDevice._setFormat: loop0 ; current: None ; type: None ;
20:56:05,184 DEBUG blivet:          DeviceTree.addUdevDevice: info: {u'DEVLINKS': u'/dev/disk/by-label/Anaconda /dev/disk/by-uuid/a866bb05-1b4d-49c4-9ca3-fd1a4f111a0c',
 u'DEVNAME': u'/dev/loop1',
 u'DEVPATH': u'/devices/virtual/block/loop1',
 u'DEVTYPE': u'disk',
 u'DM_MULTIPATH_TIMESTAMP': u'1548708956',
 u'ID_FS_LABEL': u'Anaconda',
 u'ID_FS_LABEL_ENC': u'Anaconda',
 u'ID_FS_TYPE': u'ext4',
 u'ID_FS_USAGE': u'filesystem',
 u'ID_FS_UUID': u'a866bb05-1b4d-49c4-9ca3-fd1a4f111a0c',
 u'ID_FS_UUID_ENC': u'a866bb05-1b4d-49c4-9ca3-fd1a4f111a0c',
 u'ID_FS_VERSION': u'1.0',
 u'MAJOR': u'7',
 u'MINOR': u'1',
 u'MPATH_SBIN_PATH': u'/sbin',
 u'SUBSYSTEM': u'block',
 u'TAGS': u':systemd:',
 u'USEC_INITIALIZED': u'72577'} ; name: loop1 ;
20:56:05,186 INFO blivet: scanning loop1 (/sys/devices/virtual/block/loop1)...
20:56:05,188 DEBUG blivet:           DeviceTree.getDeviceByName: hidden: False ; name: loop1 ; incomplete: False ;
20:56:05,190 DEBUG blivet:           DeviceTree.getDeviceByName returned None
20:56:05,191 INFO blivet: loop1 is a loop device
20:56:05,193 DEBUG blivet:           DeviceTree.addUdevLoopDevice: name: loop1 ;
20:56:05,194 DEBUG blivet:            DeviceTree.getDeviceByName: hidden: False ; name: /LiveOS/rootfs.img ; incomplete: False ;
20:56:05,196 DEBUG blivet:            DeviceTree.getDeviceByName returned None
20:56:05,196 DEBUG blivet: getFormat('None') returning DeviceFormat instance with object id 17
20:56:05,199 DEBUG blivet:               FileDevice._setFormat: /LiveOS/rootfs.img ; current: None ; type: None ;
20:56:05,199 INFO blivet: added file /LiveOS/rootfs.img (id 16) to device tree
20:56:05,203 DEBUG blivet:                  FileDevice.addChild: kids: 0 ; name: /LiveOS/rootfs.img ;
20:56:05,204 DEBUG blivet: getFormat('None') returning DeviceFormat instance with object id 20
20:56:05,206 DEBUG blivet:               LoopDevice._setFormat: loop1 ; current: None ; type: None ;
20:56:05,207 INFO blivet: added loop loop1 (id 19) to device tree
20:56:05,208 INFO blivet: got device: u'loop1'
20:56:05,211 DEBUG blivet:           DeviceTree.handleUdevDeviceFormat: name: loop1 ;
20:56:05,224 DEBUG blivet:            DeviceTree.handleUdevDiskLabelFormat: device: loop1 ; label_type: None ;
20:56:05,224 DEBUG blivet: device loop1 does not contain a disklabel
20:56:05,225 INFO blivet: type detected on 'loop1' is 'ext4'
20:56:05,347 WARN blivet: ext4 filesystem on /dev/loop1 needs repair
20:56:05,349 DEBUG blivet:               Ext4FS.supported: supported: True ;
20:56:05,349 DEBUG blivet: getFormat('ext4') returning Ext4FS instance with object id 22
20:56:05,350 DEBUG blivet:             LoopDevice._setFormat: loop1 ; current: None ; type: ext4 ;
20:56:05,350 INFO blivet: got format: existing ext4 filesystem
20:56:05,353 DEBUG blivet:          DeviceTree.addUdevDevice: info: {u'DEVNAME': u'/dev/loop2',
 u'DEVPATH': u'/devices/virtual/block/loop2',
 u'DEVTYPE': u'disk',
 u'DM_MULTIPATH_TIMESTAMP': u'1548708956',
 u'MAJOR': u'7',
 u'MINOR': u'2',
 u'MPATH_SBIN_PATH': u'/sbin',
 u'SUBSYSTEM': u'block',
 u'TAGS': u':systemd:',
 u'USEC_INITIALIZED': u'73323'} ; name: loop2 ;
20:56:05,354 INFO blivet: scanning loop2 (/sys/devices/virtual/block/loop2)...
20:56:05,357 DEBUG blivet:           DeviceTree.getDeviceByName: hidden: False ; name: loop2 ; incomplete: False ;
20:56:05,358 DEBUG blivet:           DeviceTree.getDeviceByName returned None
20:56:05,359 INFO blivet: loop2 is a loop device
20:56:05,360 DEBUG blivet:           DeviceTree.addUdevLoopDevice: name: loop2 ;
20:56:05,362 DEBUG blivet:            DeviceTree.getDeviceByName: hidden: False ; name: /overlay (deleted) ; incomplete: False ;
20:56:05,364 DEBUG blivet:            DeviceTree.getDeviceByName returned None
20:56:05,364 DEBUG blivet: getFormat('None') returning DeviceFormat instance with object id 25
20:56:05,365 DEBUG blivet:               FileDevice._setFormat: /overlay (deleted) ; current: None ; type: None ;
20:56:05,366 INFO blivet: added file /overlay (deleted) (id 24) to device tree
20:56:05,367 DEBUG blivet:                  FileDevice.addChild: kids: 0 ; name: /overlay (deleted) ;
20:56:05,367 DEBUG blivet: getFormat('None') returning DeviceFormat instance with object id 28
20:56:05,368 DEBUG blivet:               LoopDevice._setFormat: loop2 ; current: None ; type: None ;
20:56:05,368 INFO blivet: added loop loop2 (id 27) to device tree
20:56:05,369 INFO blivet: got device: u'loop2'
20:56:05,370 DEBUG blivet:           DeviceTree.handleUdevDeviceFormat: name: loop2 ;
20:56:05,386 DEBUG blivet:            DeviceTree.handleUdevDiskLabelFormat: device: loop2 ; label_type: None ;
20:56:05,387 DEBUG blivet: device loop2 does not contain a disklabel
20:56:05,387 DEBUG blivet: no type or existing type for loop2, bailing
20:56:05,391 DEBUG blivet:          DeviceTree.addUdevDevice: info: {u'DEVLINKS': u'/dev/disk/by-id/dm-name-live-rw /dev/disk/by-label/Anaconda /dev/disk/by-uuid/a866bb05-1b4d-49c4-9ca3-fd1a4f111a0c /dev/mapper/live-rw',
 u'DEVNAME': u'/dev/dm-0',
 u'DEVPATH': u'/devices/virtual/block/dm-0',
 u'DEVTYPE': u'disk',
 u'DM_MULTIPATH_TIMESTAMP': u'1548708956',
 u'DM_NAME': u'live-rw',
 u'DM_SUSPENDED': u'0',
 u'DM_UDEV_DISABLE_LIBRARY_FALLBACK_FLAG': u'1',
 u'DM_UDEV_PRIMARY_SOURCE_FLAG': u'1',
 u'DM_UDEV_RULES_VSN': u'2',
 u'ID_FS_LABEL': u'Anaconda',
 u'ID_FS_LABEL_ENC': u'Anaconda',
 u'ID_FS_TYPE': u'ext4',
 u'ID_FS_USAGE': u'filesystem',
 u'ID_FS_UUID': u'a866bb05-1b4d-49c4-9ca3-fd1a4f111a0c',
 u'ID_FS_UUID_ENC': u'a866bb05-1b4d-49c4-9ca3-fd1a4f111a0c',
 u'ID_FS_VERSION': u'1.0',
 u'MAJOR': u'253',
 u'MINOR': u'0',
 u'MPATH_SBIN_PATH': u'/sbin',
 u'SUBSYSTEM': u'block',
 u'TAGS': u':systemd:',
 u'USEC_INITIALIZED': u'762819'} ; name: live-rw ;
20:56:05,392 INFO blivet: scanning live-rw (/sys/devices/virtual/block/dm-0)...
20:56:05,393 DEBUG blivet:           DeviceTree.getDeviceByName: hidden: False ; name: live-rw ; incomplete: False ;
20:56:05,394 DEBUG blivet:           DeviceTree.getDeviceByName returned None
20:56:05,395 INFO blivet: live-rw is a device-mapper device
20:56:05,396 DEBUG blivet:           DeviceTree.addUdevDMDevice: name: live-rw ;
20:56:05,398 DEBUG blivet:            DeviceTree.getDeviceByName: hidden: False ; name: loop1 ; incomplete: False ;
20:56:05,401 DEBUG blivet:            DeviceTree.getDeviceByName returned loop1
20:56:05,403 DEBUG blivet:            DeviceTree.getDeviceByName: hidden: False ; name: loop2 ; incomplete: False ;
20:56:05,405 DEBUG blivet:            DeviceTree.getDeviceByName returned loop2
20:56:05,407 DEBUG blivet:            DeviceTree.getDeviceByName: hidden: False ; name: live-rw ; incomplete: False ;
20:56:05,409 DEBUG blivet:            DeviceTree.getDeviceByName returned None
20:56:05,413 DEBUG blivet:                  LoopDevice.addChild: kids: 0 ; name: loop2 ;
20:56:05,413 DEBUG blivet: getFormat('None') returning DeviceFormat instance with object id 32
20:56:05,414 DEBUG blivet:               DMDevice._setFormat: live-rw ; current: None ; type: None ;
20:56:05,417 DEBUG blivet:                DMDevice.readCurrentSize: path: /dev/mapper/live-rw ; sysfsPath: /sys/devices/virtual/block/dm-0 ; exists: True ;
20:56:05,419 DEBUG blivet: updated live-rw size to 2048 MiB (2048 MiB)
20:56:05,454 INFO blivet: added dm live-rw (id 31) to device tree
20:56:05,455 INFO blivet: got device: u'live-rw'
20:56:05,457 DEBUG blivet:           DeviceTree.handleUdevDeviceFormat: name: live-rw ;
20:56:05,474 DEBUG blivet:            DeviceTree.handleUdevDiskLabelFormat: device: live-rw ; label_type: None ;
20:56:05,474 DEBUG blivet: device live-rw does not contain a disklabel
20:56:05,475 INFO blivet: type detected on 'live-rw' is 'ext4'
20:56:05,509 DEBUG blivet: size=1443.59 MiB, current=2048 MiB
20:56:05,552 DEBUG blivet: padding min size from 1443.59 MiB up to 1588 MiB
20:56:05,592 DEBUG blivet:               Ext4FS.supported: supported: True ;
20:56:05,593 DEBUG blivet: getFormat('ext4') returning Ext4FS instance with object id 34
20:56:05,595 DEBUG blivet:             DMDevice._setFormat: live-rw ; current: None ; type: ext4 ;
20:56:05,596 INFO blivet: got format: existing ext4 filesystem
20:56:05,599 DEBUG blivet:          DeviceTree.addUdevDevice: info: {u'DEVLINKS': u'/dev/disk/by-id/dm-name-live-base /dev/disk/by-label/Anaconda /dev/disk/by-uuid/a866bb05-1b4d-49c4-9ca3-fd1a4f111a0c /dev/mapper/live-base',
 u'DEVNAME': u'/dev/dm-1',
 u'DEVPATH': u'/devices/virtual/block/dm-1',
 u'DEVTYPE': u'disk',
 u'DM_MULTIPATH_TIMESTAMP': u'1548708956',
 u'DM_NAME': u'live-base',
 u'DM_SUSPENDED': u'0',
 u'DM_UDEV_DISABLE_LIBRARY_FALLBACK_FLAG': u'1',
 u'DM_UDEV_PRIMARY_SOURCE_FLAG': u'1',
 u'DM_UDEV_RULES_VSN': u'2',
 u'ID_FS_LABEL': u'Anaconda',
 u'ID_FS_LABEL_ENC': u'Anaconda',
 u'ID_FS_TYPE': u'ext4',
 u'ID_FS_USAGE': u'filesystem',
 u'ID_FS_UUID': u'a866bb05-1b4d-49c4-9ca3-fd1a4f111a0c',
 u'ID_FS_UUID_ENC': u'a866bb05-1b4d-49c4-9ca3-fd1a4f111a0c',
 u'ID_FS_VERSION': u'1.0',
 u'MAJOR': u'253',
 u'MINOR': u'1',
 u'MPATH_SBIN_PATH': u'/sbin',
 u'SUBSYSTEM': u'block',
 u'TAGS': u':systemd:',
 u'USEC_INITIALIZED': u'785326'} ; name: live-base ;
20:56:05,602 INFO blivet: scanning live-base (/sys/devices/virtual/block/dm-1)...
20:56:05,604 DEBUG blivet:           DeviceTree.getDeviceByName: hidden: False ; name: live-base ; incomplete: False ;
20:56:05,606 DEBUG blivet:           DeviceTree.getDeviceByName returned None
20:56:05,607 INFO blivet: live-base is a device-mapper device
20:56:05,609 DEBUG blivet:           DeviceTree.addUdevDMDevice: name: live-base ;
20:56:05,611 DEBUG blivet:            DMDevice.getDMNode: live-rw ; status: True ;
20:56:05,613 DEBUG blivet:            DeviceTree.getDeviceByName: hidden: False ; name: loop1 ; incomplete: False ;
20:56:05,615 DEBUG blivet:            DeviceTree.getDeviceByName returned loop1
20:56:05,618 DEBUG blivet:            DeviceTree.getDeviceByName: hidden: False ; name: live-base ; incomplete: False ;
20:56:05,620 DEBUG blivet:            DeviceTree.getDeviceByName returned None
20:56:05,623 DEBUG blivet:                  LoopDevice.addChild: kids: 0 ; name: loop1 ;
20:56:05,624 DEBUG blivet: getFormat('None') returning DeviceFormat instance with object id 37
20:56:05,627 DEBUG blivet:               DMDevice._setFormat: live-base ; current: None ; type: None ;
20:56:05,629 DEBUG blivet:                DMDevice.readCurrentSize: path: /dev/mapper/live-base ; sysfsPath: /sys/devices/virtual/block/dm-1 ; exists: True ;
20:56:05,631 DEBUG blivet: updated live-base size to 2048 MiB (2048 MiB)
20:56:05,671 INFO blivet: added dm live-base (id 36) to device tree
20:56:05,673 INFO blivet: got device: u'live-base'
20:56:05,676 DEBUG blivet:           DeviceTree.handleUdevDeviceFormat: name: live-base ;
20:56:05,691 DEBUG blivet:            DeviceTree.handleUdevDiskLabelFormat: device: live-base ; label_type: None ;
20:56:05,692 DEBUG blivet: device live-base does not contain a disklabel
20:56:05,693 INFO blivet: type detected on 'live-base' is 'ext4'
20:56:05,751 WARN blivet: ext4 filesystem on /dev/mapper/live-base needs repair
20:56:05,754 DEBUG blivet:               Ext4FS.supported: supported: True ;
20:56:05,755 DEBUG blivet: getFormat('ext4') returning Ext4FS instance with object id 39
20:56:05,758 DEBUG blivet:             DMDevice._setFormat: live-base ; current: None ; type: ext4 ;
20:56:05,759 INFO blivet: got format: existing ext4 filesystem
20:56:05,777 DEBUG blivet:           DiskDevice.teardown: vda ; status: True ; controllable: True ;
20:56:05,779 DEBUG blivet:             DeviceFormat.teardown: device: /dev/vda ; status: False ; type: None ;
20:56:05,780 DEBUG blivet:             DeviceFormat.teardown: device: /dev/vda ; status: False ; type: None ;
20:56:05,791 INFO blivet: not going to restore from backup of non-existent /etc/mdadm.conf
20:56:05,792 INFO blivet: edd: collected mbr signatures: {}
20:56:05,793 DEBUG blivet: edd: data extracted from 0x80:
	type: SCSI, ata_device: None
	channel: 0, mbr_signature: None
	pci_dev: 00:05.0, scsi_id: 0
	scsi_lun: 0, sectors: 16777216
20:56:05,794 DEBUG blivet: edd: matched 0x80 to vda using pci_dev
20:56:05,796 DEBUG blivet:          DiskDevice.teardown: vda ; status: True ; controllable: True ;
20:56:05,797 DEBUG blivet:            DeviceFormat.teardown: device: /dev/vda ; status: False ; type: None ;
20:56:05,799 DEBUG blivet:            DeviceFormat.teardown: device: /dev/vda ; status: False ; type: None ;
20:56:05,883 DEBUG blivet:             Ext4FS.supported: supported: True ;
20:56:05,884 DEBUG blivet:             Ext4FS.supported: supported: True ;
20:56:05,885 DEBUG blivet:            Ext4FS.supported: supported: True ;
20:56:05,935 DEBUG blivet:          DeviceTree.getDependentDevices: dep: existing 8192 MiB disk vda (4) ; hidden: False ;
20:56:06,022 DEBUG blivet: dep is a leaf
20:51:46,269 DEBUG blivet:          DeviceTree.getDevicesByInstance: hidden: False ; incomplete: False ; device_class: <class 'blivet.devices.partition.PartitionDevice'> ;
20:51:46,270 DEBUG blivet:          DeviceTree.getDevicesByInstance returned []
20:51:46,271 DEBUG blivet:          DeviceTree.getDependentDevices: dep: existing 8192 MiB disk vda (4) ; hidden: False ;
20:51:46,293 DEBUG blivet: dep is a leaf
20:51:46,294 DEBUG blivet: removing vda
20:51:46,295 DEBUG blivet:           DeviceTree.getDependentDevices: dep: existing 8192 MiB disk vda (4) ; hidden: False ;
20:51:46,316 DEBUG blivet: dep is a leaf
20:51:46,317 DEBUG blivet: getFormat('None') returning DeviceFormat instance with object id 42
20:51:46,318 DEBUG blivet:             DiskDevice._setFormat: vda ; current: None ; type: None ;
20:51:46,318 INFO blivet: registered action: [41] destroy format None on disk vda (id 4)
20:51:46,319 DEBUG blivet: clearpart: initializing vda
20:51:46,319 DEBUG blivet: getFormat('None') returning DeviceFormat instance with object id 44
20:51:46,320 DEBUG blivet:             DiskDevice._setFormat: vda ; current: None ; type: None ;
20:51:46,320 INFO blivet: registered action: [43] destroy format None on disk vda (id 4)
20:51:46,323 DEBUG blivet: default disklabel type for vda is msdos
20:51:46,323 DEBUG blivet: selecting msdos disklabel for vda based on size
20:51:46,324 DEBUG blivet:           DiskLabel.__init__: device: /dev/vda ; labelType: msdos ;
20:51:46,326 DEBUG blivet:              DiskLabel.freshPartedDisk: device: /dev/vda ; labelType: msdos ;
20:51:46,326 DEBUG blivet: Did not change pmbr_boot on parted.Disk instance --
  type: msdos  primaryPartitionCount: 0
  lastPartitionNumber: -1  maxPrimaryPartitionCount: 4
  partitions: []
  device: <parted.device.Device object at 0x7f155d9ae090>
  PedDisk: <_ped.Disk object at 0x7f1556b9ab00>
20:51:46,338 DEBUG blivet: getFormat('disklabel') returning DiskLabel instance with object id 45
20:51:46,340 DEBUG blivet:             DiskDevice._setFormat: vda ; current: None ; type: disklabel ;
20:51:46,341 INFO blivet: registered action: [46] create format msdos disklabel on disk vda (id 4)
20:51:46,342 DEBUG blivet:          DeviceTree.getDevicesByInstance: hidden: False ; incomplete: False ; device_class: <class 'blivet.devices.partition.PartitionDevice'> ;
20:51:46,343 DEBUG blivet:          DeviceTree.getDevicesByInstance returned []
20:51:46,359 DEBUG blivet:          DeviceTree.getDeviceByName: hidden: False ; name: vda ; incomplete: False ;
20:51:46,360 DEBUG blivet:          DeviceTree.getDeviceByName returned vda
20:51:46,360 DEBUG blivet: resolved 'vda' to 'vda' (disk)
20:51:46,361 DEBUG blivet:          DeviceTree.getDeviceByName: hidden: False ; name: vda ; incomplete: False ;
20:51:46,362 DEBUG blivet:          DeviceTree.getDeviceByName returned vda
20:51:46,363 DEBUG blivet:         DeviceTree.getDeviceByName: hidden: False ; name: vda ; incomplete: False ;
20:51:46,364 DEBUG blivet:         DeviceTree.getDeviceByName returned vda
20:51:46,364 DEBUG blivet: resolved 'vda' to 'vda' (disk)
20:51:46,366 DEBUG blivet:           XFS.supported: supported: True ;
20:51:46,366 DEBUG blivet: getFormat('xfs') returning XFS instance with object id 47
20:51:46,367 DEBUG blivet:          DeviceTree.getDeviceByName: hidden: False ; name: vda ; incomplete: False ;
20:51:46,370 DEBUG blivet:          DeviceTree.getDeviceByName returned vda
20:51:46,370 DEBUG blivet: resolved 'vda' to 'vda' (disk)
20:51:46,372 DEBUG blivet:                DiskDevice.addChild: kids: 0 ; name: vda ;
20:51:46,373 DEBUG blivet:             PartitionDevice._setFormat: req0 ; current: None ; type: xfs ;
20:51:46,375 DEBUG blivet:               DiskDevice.removeChild: kids: 1 ; name: vda ;
20:51:46,375 INFO blivet: added partition req0 (id 48) to device tree
20:51:46,375 INFO blivet: registered action: [50] create device partition req0 (id 48)
20:51:46,375 DEBUG blivet: getFormat('None') returning DeviceFormat instance with object id 52
20:51:46,376 DEBUG blivet:             PartitionDevice._setFormat: req0 ; current: xfs ; type: xfs ;
20:51:46,377 INFO blivet: registered action: [51] create format xfs filesystem mounted at / on partition req0 (id 48)
20:51:46,378 DEBUG blivet:         DiskDevice.setup: vda ; status: True ; controllable: True ; orig: False ;
20:51:46,379 DEBUG blivet:          DeviceTree.getDevicesByInstance: hidden: False ; incomplete: False ; device_class: <class 'blivet.devices.partition.PartitionDevice'> ;
20:51:46,380 DEBUG blivet:          DeviceTree.getDevicesByInstance returned ['req0']
20:51:46,381 DEBUG blivet:          DeviceTree.getDevicesByInstance: hidden: False ; incomplete: False ; device_class: <class 'blivet.devices.partition.PartitionDevice'> ;
20:51:46,382 DEBUG blivet:          DeviceTree.getDevicesByInstance returned ['req0']
20:51:46,383 DEBUG blivet: removing all non-preexisting partitions ['req0(id 48)'] from disk(s) [u'vda']
20:51:46,383 DEBUG blivet: allocatePartitions: disks=[u'vda'] ; partitions=['req0(id 48)']
20:51:46,384 DEBUG blivet:            DeviceTree.getDeviceByName: hidden: False ; name: vda ; incomplete: False ;
20:51:46,385 DEBUG blivet:            DeviceTree.getDeviceByName returned vda
20:51:46,385 DEBUG blivet: resolved 'vda' to 'vda' (disk)
20:51:46,386 DEBUG blivet: removing all non-preexisting partitions ['req0(id 48)'] from disk(s) [u'vda']
20:51:46,386 DEBUG blivet: allocating partition: req0 ; id: 48 ; disks: [u'vda'] ;
boot: False ; primary: False ; size: 4294967296 ; grow: True ; max_size: 0 B ; start: None ; end: None
20:51:46,387 DEBUG blivet: checking freespace on vda
20:51:46,387 DEBUG blivet: getBestFreeSpaceRegion: disk=/dev/vda part_type=0 req_size=4294967296 boot=False best=None grow=True start=None
20:51:46,388 DEBUG blivet: checking 63-16777215 (8191)
20:51:46,388 DEBUG blivet: current free range is 63-16777215 (8191)
20:51:46,388 DEBUG blivet: evaluating growth potential for new layout
20:51:46,388 DEBUG blivet: calculating growth for disk /dev/vda
20:51:46,388 DEBUG blivet: using alignment: parted.Alignment instance --
  offset: 0  grainSize: 2048
  PedAlignment: <_ped.Alignment object at 0x7f1557c5ea90>
20:51:46,389 DEBUG blivet: adjusted start sector from 63 to 2048
20:51:46,390 DEBUG blivet:           PartitionDevice._setPartedPartition: req0 ;
20:51:46,390 DEBUG blivet: device req0 new partedPartition parted.Partition instance --
  disk: <parted.disk.Disk object at 0x7f155d9ae610>  fileSystem: None
  number: 1  path: /dev/vda1  type: 0
  name: None  active: True  busy: False
  geometry: <parted.geometry.Geometry object at 0x7f155e0ed150>  PedPartition: <_ped.Partition object at 0x7f155e0e8b30>
20:51:46,392 DEBUG blivet:           PartitionDevice._setDisk: vda1 ; new: vda ; old: None ;
20:51:46,393 DEBUG blivet:              DiskDevice.addChild: kids: 0 ; name: vda ;
20:51:46,394 DEBUG blivet: adding request 48 to chunk 16775168 (2048-16777215) on /dev/vda
20:51:46,394 DEBUG blivet: Chunk.growRequests: 16775168 on /dev/vda start = 2048  end = 16777215
sectorSize = 512 B

20:51:46,394 DEBUG blivet: req: PartitionRequest instance --
id = 48  name = vda1  growable = True
base = 8388608  growth = 0  max_grow = 4286578687
done = False
20:51:46,395 DEBUG blivet: 1 requests and 8386560 (4293918720) left in chunk
20:51:46,395 DEBUG blivet: adding 8386560 (4293918720) to 48 (vda1)
20:51:46,395 DEBUG blivet: new grow amount for request 48 (vda1) is 8386560 units, or 4293918720
20:51:46,396 DEBUG blivet: request 48 (vda1) growth: 8386560 (4293918720MB) size: 8588886016
20:51:46,396 DEBUG blivet: disk /dev/vda growth: 8386560 (4293918720)
20:51:46,397 DEBUG blivet:           PartitionDevice._setPartedPartition: vda1 ;
20:51:46,397 DEBUG blivet: device vda1 new partedPartition None
20:51:46,398 DEBUG blivet:           PartitionDevice._setDisk: req0 ; new: None ; old: vda ;
20:51:46,399 DEBUG blivet:                DiskDevice.removeChild: kids: 1 ; name: vda ;
20:51:46,399 DEBUG blivet: total growth: 8386560 sectors
20:51:46,400 DEBUG blivet: updating use_disk to vda, type: 0
20:51:46,400 DEBUG blivet: new free: 63-16777215 / 8191
20:51:46,400 DEBUG blivet: new free allows for 8386560 sectors of growth
20:51:46,400 DEBUG blivet: using alignment: parted.Alignment instance --
  offset: 0  grainSize: 2048
  PedAlignment: <_ped.Alignment object at 0x7f1557c5ea90>
20:51:46,401 DEBUG blivet: adjusted start sector from 63 to 2048
20:51:46,401 DEBUG blivet: created partition vda1 of 4096 and added it to /dev/vda
20:51:46,402 DEBUG blivet:           PartitionDevice._setPartedPartition: req0 ;
20:51:46,402 DEBUG blivet: device req0 new partedPartition parted.Partition instance --
  disk: <parted.disk.Disk object at 0x7f155d9ae610>  fileSystem: None
  number: 1  path: /dev/vda1  type: 0
  name: None  active: True  busy: False
  geometry: <parted.geometry.Geometry object at 0x7f155e0ed3d0>  PedPartition: <_ped.Partition object at 0x7f155e0e8cb0>
20:51:46,404 DEBUG blivet:           PartitionDevice._setDisk: vda1 ; new: vda ; old: None ;
20:51:46,405 DEBUG blivet:              DiskDevice.addChild: kids: 0 ; name: vda ;
20:51:46,406 DEBUG blivet:           PartitionDevice._setPartedPartition: vda1 ;
20:51:46,406 DEBUG blivet: device vda1 new partedPartition parted.Partition instance --
  disk: <parted.disk.Disk object at 0x7f155d9ae610>  fileSystem: None
  number: 1  path: /dev/vda1  type: 0
  name: None  active: True  busy: False
  geometry: <parted.geometry.Geometry object at 0x7f155e0ed310>  PedPartition: <_ped.Partition object at 0x7f155e0e8c50>
20:51:46,407 DEBUG blivet: growPartitions: disks=[u'vda'], partitions=['vda1(id 48)']
20:51:46,407 DEBUG blivet: growable partitions are ['vda1']
20:51:46,408 DEBUG blivet: adding request 48 to chunk 16775168 (2048-16777215) on /dev/vda
20:51:46,408 DEBUG blivet: disk vda has 1 chunks
20:51:46,408 DEBUG blivet: Chunk.growRequests: 16775168 on /dev/vda start = 2048  end = 16777215
sectorSize = 512 B

20:51:46,409 DEBUG blivet: req: PartitionRequest instance --
id = 48  name = vda1  growable = True
base = 8388608  growth = 0  max_grow = 4286578687
done = False
20:51:46,409 DEBUG blivet: 1 requests and 8386560 (4293918720) left in chunk
20:51:46,409 DEBUG blivet: adding 8386560 (4293918720) to 48 (vda1)
20:51:46,410 DEBUG blivet: new grow amount for request 48 (vda1) is 8386560 units, or 4293918720
20:51:46,410 DEBUG blivet: growing partitions on vda
20:51:46,410 DEBUG blivet: partition vda1 (48): 0
20:51:46,410 DEBUG blivet: new geometry for vda1: parted.Geometry instance --
  start: 2048  end: 16777215  length: 16775168
  device: <parted.device.Device object at 0x7f155bde4710>  PedGeometry: <_ped.Geometry object at 0x7f155e0ed510>
20:51:46,411 DEBUG blivet: removing all non-preexisting partitions ['vda1(id 48)'] from disk(s) [u'vda']
20:51:46,412 DEBUG blivet:            PartitionDevice._setPartedPartition: vda1 ;
20:51:46,412 DEBUG blivet: device vda1 new partedPartition None
20:51:46,413 DEBUG blivet:            PartitionDevice._setDisk: req0 ; new: None ; old: vda ;
20:51:46,414 DEBUG blivet:                 DiskDevice.removeChild: kids: 1 ; name: vda ;
20:51:46,414 DEBUG blivet: back from removeNewPartitions
20:51:46,414 DEBUG blivet: extended: None
20:51:46,415 DEBUG blivet: setting req0 new geometry: parted.Geometry instance --
  start: 2048  end: 16777215  length: 16775168
  device: <parted.device.Device object at 0x7f155bde4710>  PedGeometry: <_ped.Geometry object at 0x7f155e0ed510>
20:51:46,416 DEBUG blivet:           PartitionDevice._setPartedPartition: req0 ;
20:51:46,416 DEBUG blivet: device req0 new partedPartition parted.Partition instance --
  disk: <parted.disk.Disk object at 0x7f155d9ae610>  fileSystem: None
  number: 1  path: /dev/vda1  type: 0
  name: None  active: True  busy: False
  geometry: <parted.geometry.Geometry object at 0x7f155e0ed8d0>  PedPartition: <_ped.Partition object at 0x7f155e0e8a70>
20:51:46,418 DEBUG blivet:           PartitionDevice._setDisk: vda1 ; new: vda ; old: None ;
20:51:46,419 DEBUG blivet:              DiskDevice.addChild: kids: 0 ; name: vda ;
20:51:46,420 DEBUG blivet:           PartitionDevice._setPartedPartition: vda1 ;
20:51:46,420 DEBUG blivet: device vda1 new partedPartition parted.Partition instance --
  disk: <parted.disk.Disk object at 0x7f155d9ae610>  fileSystem: None
  number: 1  path: /dev/vda1  type: 0
  name: None  active: True  busy: False
  geometry: <parted.geometry.Geometry object at 0x7f1557c5ee10>  PedPartition: <_ped.Partition object at 0x7f155e0e8cb0>
20:51:46,421 DEBUG blivet:          DeviceTree.getDevicesByInstance: hidden: False ; incomplete: False ; device_class: <class 'blivet.devices.partition.PartitionDevice'> ;
20:51:46,422 DEBUG blivet:          DeviceTree.getDevicesByInstance returned ['vda1']
20:51:46,422 DEBUG blivet: fixing size of non-existent 8191 MiB partition vda1 (48) with non-existent xfs filesystem mounted at /
20:51:46,435 DEBUG blivet:          DeviceTree.getDevicesByInstance: hidden: False ; incomplete: False ; device_class: <class 'blivet.devices.partition.PartitionDevice'> ;
20:51:46,435 DEBUG blivet:          DeviceTree.getDevicesByInstance returned ['vda1']
20:51:46,437 DEBUG blivet:           DeviceTree.getDevicesByInstance: hidden: False ; incomplete: False ; device_class: <class 'blivet.devices.partition.PartitionDevice'> ;
20:51:46,437 DEBUG blivet:           DeviceTree.getDevicesByInstance returned ['vda1']
20:51:46,438 DEBUG blivet:          DeviceTree.getDevicesByInstance: hidden: False ; incomplete: False ; device_class: <class 'blivet.devices.partition.PartitionDevice'> ;
20:51:46,439 DEBUG blivet:          DeviceTree.getDevicesByInstance returned ['vda1']
20:51:46,455 DEBUG blivet:           DeviceTree.getDeviceByName: hidden: False ; name: vda ; incomplete: False ;
20:51:46,457 DEBUG blivet:           DeviceTree.getDeviceByName returned vda
20:51:46,458 DEBUG blivet: resolved 'vda' to 'vda' (disk)
20:51:46,459 DEBUG blivet:           DeviceTree.getDeviceByName: hidden: False ; name: vda ; incomplete: False ;
20:51:46,460 DEBUG blivet:           DeviceTree.getDeviceByName returned vda
20:51:46,462 DEBUG blivet:          DeviceTree.getDeviceByName: hidden: False ; name: vda ; incomplete: False ;
20:51:46,464 DEBUG blivet:          DeviceTree.getDeviceByName returned vda
20:51:46,464 DEBUG blivet: resolved 'vda' to 'vda' (disk)
20:51:46,466 DEBUG blivet:         DeviceTree.getDeviceByName: hidden: False ; name: vda ; incomplete: False ;
20:51:46,467 DEBUG blivet:         DeviceTree.getDeviceByName returned vda
20:51:46,467 DEBUG blivet: resolved 'vda' to 'vda' (disk)
20:51:47,503 INFO blivet: omitting ksdata: existing 8192 MiB disk vda (4) with non-existent msdos disklabel
20:51:47,531 DEBUG blivet:         PartitionDevice.teardown: vda1 ; status: False ; controllable: True ;
20:51:47,532 DEBUG blivet:           DiskDevice.teardown: vda ; status: True ; controllable: True ;
20:51:47,533 DEBUG blivet:             DeviceFormat.teardown: device: /dev/vda ; status: False ; type: None ;
20:51:47,544 DEBUG blivet: action: [41] destroy format None on disk vda (id 4)
20:51:47,545 DEBUG blivet: action: [43] destroy format None on disk vda (id 4)
20:51:47,546 DEBUG blivet: action: [46] create format msdos disklabel on disk vda (id 4)
20:51:47,546 DEBUG blivet: action: [50] create device partition vda1 (id 48)
20:51:47,547 DEBUG blivet: action: [51] create format xfs filesystem mounted at / on partition vda1 (id 48)
20:51:47,548 INFO blivet: pruning action queue...
20:51:47,548 INFO blivet: removing obsolete action 43 (41)
20:51:47,549 INFO blivet: resetting parted disks...
20:51:47,552 DEBUG blivet:           DiskLabel.resetPartedDisk: device: /dev/vda ;
20:51:47,554 DEBUG blivet:           PartitionDevice.preCommitFixup: vda1 ;
20:51:47,554 INFO blivet: sorting actions...
20:51:47,555 DEBUG blivet: action: [41] destroy format None on disk vda (id 4)
20:51:47,556 DEBUG blivet: lvm filter: removing vda1 from the reject list
20:51:47,556 DEBUG blivet: vda1 wasn't in the reject list
20:51:47,557 DEBUG blivet: action: [46] create format msdos disklabel on disk vda (id 4)
20:51:47,557 DEBUG blivet: lvm filter: removing vda1 from the reject list
20:51:47,558 DEBUG blivet: vda1 wasn't in the reject list
20:51:47,558 DEBUG blivet: action: [50] create device partition vda1 (id 48)
20:51:47,559 DEBUG blivet: action: [51] create format xfs filesystem mounted at / on partition vda1 (id 48)
20:51:47,560 INFO blivet: executing action: [41] destroy format None on disk vda (id 4)
20:51:47,561 DEBUG blivet:           DiskDevice.setup: vda ; status: True ; controllable: True ; orig: True ;
20:51:47,562 DEBUG blivet:           DeviceFormat.destroy: device: /dev/vda ; status: False ; type: None ;
20:51:47,609 INFO blivet: executing action: [46] create format msdos disklabel on disk vda (id 4)
20:51:47,611 DEBUG blivet:           DiskDevice.setup: vda ; status: True ; controllable: True ; orig: False ;
20:51:47,612 DEBUG blivet:           DiskDevice.setup: vda ; status: True ; controllable: True ; orig: False ;
20:51:47,613 DEBUG blivet:           DiskLabel.create: device: /dev/vda ; status: False ; type: disklabel ;
20:51:47,614 DEBUG blivet:            DiskLabel.create: device: /dev/vda ; status: False ; type: disklabel ;
20:51:47,615 DEBUG blivet:            DiskLabel.commit: device: /dev/vda ; numparts: 0 ;
20:51:47,849 INFO blivet: executing action: [50] create device partition vda1 (id 48)
20:51:47,850 DEBUG blivet:           PartitionDevice.create: vda1 ; status: False ;
20:51:47,851 DEBUG blivet:             PartitionDevice.setupParents: kids: 0 ; name: vda1 ; orig: False ;
20:51:47,852 DEBUG blivet:              DiskDevice.setup: vda ; status: True ; controllable: True ; orig: False ;
20:51:47,853 DEBUG blivet:              DiskLabel.setup: device: /dev/vda ; status: False ; type: disklabel ;
20:51:47,854 DEBUG blivet:            PartitionDevice._create: vda1 ; status: False ;
20:51:47,856 DEBUG blivet:             PartitionDevice._wipe: vda1 ; status: False ;
20:51:47,947 DEBUG blivet:             DiskLabel.commit: device: /dev/vda ; numparts: 1 ;
20:51:48,022 DEBUG blivet: post-commit partition path is /dev/vda1
20:51:48,024 DEBUG blivet:              PartitionDevice._setPartedPartition: vda1 ;
20:51:48,024 DEBUG blivet: device vda1 new partedPartition parted.Partition instance --
  disk: <parted.disk.Disk object at 0x7f155d9aeb90>  fileSystem: None
  number: 1  path: /dev/vda1  type: 0
  name: None  active: True  busy: False
  geometry: <parted.geometry.Geometry object at 0x7f155e090590>  PedPartition: <_ped.Partition object at 0x7f155e105830>
20:51:48,027 DEBUG blivet:             DeviceFormat.destroy: device: /dev/vda1 ; status: False ; type: None ;
20:51:48,057 DEBUG blivet:              PartitionDevice.setup: vda1 ; status: True ; controllable: True ; orig: False ;
20:51:48,059 DEBUG blivet:              PartitionDevice.updateSysfsPath: vda1 ; status: True ;
20:51:48,059 DEBUG blivet: vda1 sysfsPath set to /sys/devices/pci0000:00/0000:00:05.0/virtio1/block/vda/vda1
20:51:48,072 DEBUG blivet:                PartitionDevice.readCurrentSize: path: /dev/vda1 ; sysfsPath: /sys/devices/pci0000:00/0000:00:05.0/virtio1/block/vda/vda1 ; exists: True ;
20:51:48,073 WARN blivet: queue/logical_block_size is not a valid attribute
20:51:48,074 WARN blivet: queue/optimal_io_size is not a valid attribute
20:51:48,075 WARN blivet: queue/minimum_io_size is not a valid attribute
20:51:48,076 DEBUG blivet: updated vda1 size to 8191 MiB (8191 MiB)
20:51:48,111 INFO blivet: executing action: [51] create format xfs filesystem mounted at / on partition vda1 (id 48)
20:51:48,113 DEBUG blivet:           PartitionDevice.setup: vda1 ; status: True ; controllable: True ; orig: False ;
20:51:48,114 DEBUG blivet:           PartitionDevice.unsetFlag: path: /dev/vda1 ; flag: 1 ;
20:51:48,115 DEBUG blivet:           PartitionDevice.unsetFlag: path: /dev/vda1 ; flag: 2 ;
20:51:48,116 DEBUG blivet:           PartitionDevice.unsetFlag: path: /dev/vda1 ; flag: 3 ;
20:51:48,118 DEBUG blivet:           PartitionDevice.unsetFlag: path: /dev/vda1 ; flag: 4 ;
20:51:48,119 DEBUG blivet:           PartitionDevice.unsetFlag: path: /dev/vda1 ; flag: 5 ;
20:51:48,120 DEBUG blivet:           PartitionDevice.unsetFlag: path: /dev/vda1 ; flag: 6 ;
20:51:48,121 DEBUG blivet:           PartitionDevice.unsetFlag: path: /dev/vda1 ; flag: 8 ;
20:51:48,122 DEBUG blivet:           PartitionDevice.unsetFlag: path: /dev/vda1 ; flag: 9 ;
20:51:48,123 DEBUG blivet:           PartitionDevice.unsetFlag: path: /dev/vda1 ; flag: 10 ;
20:51:48,124 DEBUG blivet:           PartitionDevice.unsetFlag: path: /dev/vda1 ; flag: 11 ;
20:51:48,125 DEBUG blivet:           PartitionDevice.unsetFlag: path: /dev/vda1 ; flag: 12 ;
20:51:48,126 DEBUG blivet:           PartitionDevice.unsetFlag: path: /dev/vda1 ; flag: 13 ;
20:51:48,127 DEBUG blivet:           PartitionDevice.unsetFlag: path: /dev/vda1 ; flag: 14 ;
20:51:48,128 DEBUG blivet:           PartitionDevice.unsetFlag: path: /dev/vda1 ; flag: 15 ;
20:51:48,130 DEBUG blivet:           DiskLabel.commitToDisk: device: /dev/vda ; numparts: 1 ;
20:51:48,171 DEBUG blivet:           PartitionDevice.setup: vda1 ; status: True ; controllable: True ; orig: False ;
20:51:48,172 DEBUG blivet:            XFS.create: device: /dev/vda1 ; status: False ; type: xfs ;
20:51:48,173 DEBUG blivet:            XFS.doFormat: device: /dev/vda1 ; mountpoint: / ; type: xfs ;
20:51:49,499 DEBUG blivet:             XFS.notifyKernel: device: /dev/vda1 ; type: xfs ;
20:51:49,500 DEBUG blivet: notifying kernel of 'change' event on device /sys/class/block/vda1
20:51:49,578 DEBUG blivet:              XFS.notifyKernel: device: /dev/vda1 ; type: xfs ;
20:51:49,578 DEBUG blivet: notifying kernel of 'change' event on device /sys/class/block/vda1
20:51:49,616 DEBUG blivet:           DeviceTree.getDevicesByInstance: hidden: False ; incomplete: False ; device_class: <class 'blivet.devices.partition.PartitionDevice'> ;
20:51:49,617 DEBUG blivet:           DeviceTree.getDevicesByInstance returned ['vda1']
20:51:49,618 DEBUG blivet:            PartitionDevice._setPartedPartition: vda1 ;
20:51:49,619 DEBUG blivet: device vda1 new partedPartition parted.Partition instance --
  disk: <parted.disk.Disk object at 0x7f155d9aeb90>  fileSystem: <parted.filesystem.FileSystem object at 0x7f155e09c3d0>
  number: 1  path: /dev/vda1  type: 0
  name: None  active: True  busy: False
  geometry: <parted.geometry.Geometry object at 0x7f155e09c1d0>  PedPartition: <_ped.Partition object at 0x7f155e105890>
20:51:49,621 INFO blivet: setting boot flag on vda1
20:51:49,622 DEBUG blivet:          PartitionDevice.setFlag: path: /dev/vda1 ; flag: 1 ;
20:51:49,623 DEBUG blivet:         DiskDevice.setup: vda ; status: True ; controllable: True ; orig: False ;
20:51:49,624 DEBUG blivet:         DiskLabel.commitToDisk: device: /dev/vda ; numparts: 1 ;
20:51:49,631 DEBUG blivet:              Ext4FS.supported: supported: True ;
20:51:49,634 DEBUG blivet:              Ext4FS.supported: supported: True ;
20:51:49,636 DEBUG blivet:             Ext4FS.supported: supported: True ;
20:51:49,638 DEBUG blivet:              XFS.supported: supported: True ;
20:51:49,676 DEBUG blivet:             BindFS.supported: supported: False ;
20:51:49,676 DEBUG blivet: getFormat('bind') returning BindFS instance with object id 55
20:51:49,677 DEBUG blivet:              DirectoryDevice._setFormat: /dev ; current: None ; type: bind ;
20:51:49,679 DEBUG blivet:               DirectoryDevice.readCurrentSize: path: /dev ; sysfsPath:  ; exists: True ;
20:51:49,679 DEBUG blivet: updated /dev size to 3100 B (0 B)
20:51:49,691 DEBUG blivet:               TmpFS.supported: supported: True ;
20:51:49,703 DEBUG blivet: getFormat('tmpfs') returning TmpFS instance with object id 58
20:51:49,706 DEBUG blivet:              NoDevice._setFormat: tmpfs ; current: None ; type: tmpfs ;
20:51:49,708 DEBUG blivet:              DevPtsFS.supported: supported: False ;
20:51:49,708 DEBUG blivet: getFormat('devpts') returning DevPtsFS instance with object id 61
20:51:49,710 DEBUG blivet:              NoDevice._setFormat: devpts ; current: None ; type: devpts ;
20:51:49,711 DEBUG blivet:              SysFS.supported: supported: False ;
20:51:49,712 DEBUG blivet: getFormat('sysfs') returning SysFS instance with object id 64
20:51:49,713 DEBUG blivet:              NoDevice._setFormat: sysfs ; current: None ; type: sysfs ;
20:51:49,715 DEBUG blivet:              ProcFS.supported: supported: False ;
20:51:49,715 DEBUG blivet: getFormat('proc') returning ProcFS instance with object id 67
20:51:49,717 DEBUG blivet:              NoDevice._setFormat: proc ; current: None ; type: proc ;
20:51:49,718 DEBUG blivet:              SELinuxFS.supported: supported: False ;
20:51:49,719 DEBUG blivet: getFormat('selinuxfs') returning SELinuxFS instance with object id 70
20:51:49,720 DEBUG blivet:              NoDevice._setFormat: selinuxfs ; current: None ; type: selinuxfs ;
20:51:49,721 DEBUG blivet:              USBFS.supported: supported: False ;
20:51:49,721 DEBUG blivet: getFormat('usbfs') returning USBFS instance with object id 73
20:51:49,723 DEBUG blivet:              NoDevice._setFormat: usbfs ; current: None ; type: usbfs ;
20:51:49,724 DEBUG blivet:             BindFS.supported: supported: False ;
20:51:49,724 DEBUG blivet: getFormat('bind') returning BindFS instance with object id 76
20:51:49,725 DEBUG blivet:              DirectoryDevice._setFormat: /run ; current: None ; type: bind ;
20:51:49,727 DEBUG blivet:               DirectoryDevice.readCurrentSize: path: /run ; sysfsPath:  ; exists: True ;
20:51:49,727 DEBUG blivet: updated /run size to 700 B (0 B)
20:51:49,729 DEBUG blivet:          PartitionDevice.setup: vda1 ; status: True ; controllable: True ; orig: False ;
20:51:49,804 INFO blivet: set SELinux context for newly mounted filesystem root at / to system_u:object_r:root_t:s0
20:51:49,804 INFO blivet: set SELinux context for newly mounted filesystem lost+found directory at /lost+found to system_u:object_r:lost_found_t:s0
20:51:49,806 DEBUG blivet:          DirectoryDevice.setup: /dev ; status: True ; controllable: True ; orig: False ;
20:51:49,815 INFO blivet: set SELinux context for newly mounted filesystem root at /dev to system_u:object_r:device_t:s0
20:51:49,816 INFO blivet: set SELinux context for newly mounted filesystem lost+found directory at /dev/lost+found to system_u:object_r:lost_found_t:s0
20:51:49,817 DEBUG blivet:          NoDevice.setup: devpts ; status: False ; controllable: True ; orig: False ;
20:51:49,826 INFO blivet: set SELinux context for newly mounted filesystem root at /dev/pts to system_u:object_r:devpts_t:s0
20:51:49,826 INFO blivet: set SELinux context for newly mounted filesystem lost+found directory at /dev/pts/lost+found to system_u:object_r:lost_found_t:s0
20:51:49,827 DEBUG blivet:          NoDevice.setup: tmpfs ; status: False ; controllable: True ; orig: False ;
20:51:49,835 INFO blivet: set SELinux context for newly mounted filesystem root at /dev/shm to system_u:object_r:tmpfs_t:s0
20:51:49,836 INFO blivet: set SELinux context for newly mounted filesystem lost+found directory at /dev/shm/lost+found to system_u:object_r:lost_found_t:s0
20:51:49,837 DEBUG blivet:          NoDevice.setup: proc ; status: False ; controllable: True ; orig: False ;
20:51:49,847 INFO blivet: failed to get default SELinux context for /proc: [Errno 2] No such file or directory
20:51:49,847 INFO blivet: set SELinux context for newly mounted filesystem root at /proc to None
20:51:49,848 INFO blivet: set SELinux context for newly mounted filesystem lost+found directory at /proc/lost+found to system_u:object_r:lost_found_t:s0
20:51:49,908 DEBUG blivet:          DirectoryDevice.setup: /run ; status: True ; controllable: True ; orig: False ;
20:51:49,925 INFO blivet: set SELinux context for newly mounted filesystem root at /run to system_u:object_r:var_run_t:s0
20:51:49,925 INFO blivet: set SELinux context for newly mounted filesystem lost+found directory at /run/lost+found to system_u:object_r:lost_found_t:s0
20:51:49,927 DEBUG blivet:          NoDevice.setup: sysfs ; status: False ; controllable: True ; orig: False ;
20:51:49,937 INFO blivet: set SELinux context for newly mounted filesystem root at /sys to system_u:object_r:sysfs_t:s0
20:51:49,937 INFO blivet: set SELinux context for newly mounted filesystem lost+found directory at /sys/lost+found to system_u:object_r:lost_found_t:s0
20:51:49,938 DEBUG blivet:          NoDevice.setup: selinuxfs ; status: False ; controllable: True ; orig: False ;
20:51:49,947 INFO blivet: failed to set SELinux context for /mnt/sysimage/sys/fs/selinux: [Errno 95] Operation not supported
20:51:49,948 INFO blivet: set SELinux context for newly mounted filesystem root at /sys/fs/selinux to None
20:51:49,948 INFO blivet: set SELinux context for newly mounted filesystem lost+found directory at /sys/fs/selinux/lost+found to system_u:object_r:lost_found_t:s0
20:51:49,950 DEBUG blivet:          DeviceTree.getDevicesByInstance: hidden: False ; incomplete: False ; device_class: <class 'blivet.devices.network.NetworkStorageDevice'> ;
20:51:49,951 DEBUG blivet:          DeviceTree.getDevicesByInstance returned []
20:51:49,953 DEBUG blivet:          DeviceTree.getDevicesByType: hidden: False ; incomplete: False ; device_type: mdarray ;
20:51:49,954 DEBUG blivet:          DeviceTree.getDevicesByType returned []
20:51:49,955 DEBUG blivet:          DeviceTree.getDevicesByType: hidden: False ; incomplete: False ; device_type: mdbiosraidarray ;
20:51:49,956 DEBUG blivet:          DeviceTree.getDevicesByType returned []
20:51:49,957 DEBUG blivet:          DeviceTree.getDevicesByType: hidden: False ; incomplete: False ; device_type: mdcontainer ;
20:51:49,957 DEBUG blivet:          DeviceTree.getDevicesByType returned []
20:51:49,958 DEBUG blivet:         DeviceTree.getDevicesByType: hidden: False ; incomplete: False ; device_type: dm-multipath ;
20:51:49,959 DEBUG blivet:         DeviceTree.getDevicesByType returned []
20:51:49,959 INFO blivet: not writing out mpath configuration
20:51:49,960 DEBUG blivet:        DeviceTree.getDevicesByType: hidden: False ; incomplete: False ; device_type: zfcp ;
20:51:49,961 DEBUG blivet:        DeviceTree.getDevicesByType returned []
20:57:33,879 DEBUG blivet:          DeviceTree.getDevicesByInstance: hidden: False ; incomplete: False ; device_class: <class 'blivet.devices.network.NetworkStorageDevice'> ;
20:57:33,880 DEBUG blivet:          DeviceTree.getDevicesByInstance returned []
