190212 23:34:35 mysqld_safe Starting mysqld daemon with databases from /var/lib/mysql
190212 23:34:35 [Note] /usr/libexec/mysqld (mysqld 5.5.60-MariaDB) starting as process 18020 ...
190212 23:34:36 InnoDB: The InnoDB memory heap is disabled
190212 23:34:36 InnoDB: Mutexes and rw_locks use GCC atomic builtins
190212 23:34:36 InnoDB: Compressed tables use zlib 1.2.7
190212 23:34:36 InnoDB: Using Linux native AIO
190212 23:34:36 InnoDB: Initializing buffer pool, size = 128.0M
190212 23:34:36 InnoDB: Completed initialization of buffer pool
InnoDB: The first specified data file ./ibdata1 did not exist:
InnoDB: a new database to be created!
190212 23:34:36  InnoDB: Setting file ./ibdata1 size to 10 MB
InnoDB: Database physically writes the file full: wait...
190212 23:34:36  InnoDB: Log file ./ib_logfile0 did not exist: new to be created
InnoDB: Setting log file ./ib_logfile0 size to 5 MB
InnoDB: Database physically writes the file full: wait...
190212 23:34:36  InnoDB: Log file ./ib_logfile1 did not exist: new to be created
InnoDB: Setting log file ./ib_logfile1 size to 5 MB
InnoDB: Database physically writes the file full: wait...
InnoDB: Doublewrite buffer not found: creating new
InnoDB: Doublewrite buffer created
InnoDB: 127 rollback segment(s) active.
InnoDB: Creating foreign key constraint system tables
InnoDB: Foreign key constraint system tables created
190212 23:34:36  InnoDB: Waiting for the background threads to start
190212 23:34:37 Percona XtraDB (http://www.percona.com) 5.5.59-MariaDB-38.11 started; log sequence number 0
190212 23:34:37 [Note] Plugin 'FEEDBACK' is disabled.
190212 23:34:37 [Note] Server socket created on IP: '0.0.0.0'.
190212 23:34:37 [Note] Event Scheduler: Loaded 0 events
190212 23:34:37 [Note] /usr/libexec/mysqld: ready for connections.
Version: '5.5.60-MariaDB'  socket: '/var/lib/mysql/mysql.sock'  port: 3306  MariaDB Server
