Feb 12 23:27:14 Updated: glibc-common-2.17-260.el7_6.3.x86_64
Feb 12 23:27:15 Updated: glibc-2.17-260.el7_6.3.x86_64
Feb 12 23:27:15 Updated: 1:grub2-common-2.02-0.76.el7.centos.1.noarch
Feb 12 23:27:15 Updated: nss-util-3.36.0-1.1.el7_6.x86_64
Feb 12 23:27:16 Updated: policycoreutils-2.5-29.el7_6.1.x86_64
Feb 12 23:27:16 Updated: systemd-libs-219-62.el7_6.3.x86_64
Feb 12 23:27:18 Updated: systemd-219-62.el7_6.3.x86_64
Feb 12 23:27:18 Updated: 7:device-mapper-libs-1.02.149-10.el7_6.3.x86_64
Feb 12 23:27:18 Updated: 7:device-mapper-1.02.149-10.el7_6.3.x86_64
Feb 12 23:27:18 Updated: 1:grub2-tools-minimal-2.02-0.76.el7.centos.1.x86_64
Feb 12 23:27:18 Updated: 1:grub2-tools-2.02-0.76.el7.centos.1.x86_64
Feb 12 23:27:28 Updated: selinux-policy-3.13.1-229.el7_6.9.noarch
Feb 12 23:27:28 Updated: nss-3.36.0-7.1.el7_6.x86_64
Feb 12 23:27:28 Updated: nss-sysinit-3.36.0-7.1.el7_6.x86_64
Feb 12 23:27:28 Updated: nss-tools-3.36.0-7.1.el7_6.x86_64
Feb 12 23:27:29 Updated: 1:grub2-pc-modules-2.02-0.76.el7.centos.1.noarch
Feb 12 23:27:29 Updated: krb5-libs-1.15.1-37.el7_6.x86_64
Feb 12 23:27:29 Updated: kernel-tools-libs-3.10.0-957.5.1.el7.x86_64
Feb 12 23:27:29 Updated: freetype-2.8-12.el7_6.1.x86_64
Feb 12 23:27:29 Updated: 1:grub2-tools-extra-2.02-0.76.el7.centos.1.x86_64
Feb 12 23:27:29 Updated: 1:grub2-pc-2.02-0.76.el7.centos.1.x86_64
Feb 12 23:27:29 Updated: 32:bind-license-9.9.4-73.el7_6.noarch
Feb 12 23:27:37 Installed: linux-firmware-20180911-69.git85c5d90.el7.noarch
Feb 12 23:27:42 Installed: kernel-3.10.0-957.5.1.el7.x86_64
Feb 12 23:27:42 Updated: 32:bind-libs-lite-9.9.4-73.el7_6.x86_64
Feb 12 23:27:42 Updated: 1:grub2-2.02-0.76.el7.centos.1.x86_64
Feb 12 23:27:42 Updated: kernel-tools-3.10.0-957.5.1.el7.x86_64
Feb 12 23:27:43 Updated: openldap-2.4.44-21.el7_6.x86_64
Feb 12 23:27:56 Updated: selinux-policy-targeted-3.13.1-229.el7_6.9.noarch
Feb 12 23:27:56 Updated: systemd-sysv-219-62.el7_6.3.x86_64
Feb 12 23:27:56 Updated: policycoreutils-python-2.5-29.el7_6.1.x86_64
Feb 12 23:27:56 Updated: python-perf-3.10.0-957.5.1.el7.x86_64
Feb 12 23:31:18 Installed: apr-1.4.8-3.el7_4.1.x86_64
Feb 12 23:31:18 Installed: apr-util-1.5.2-6.el7.x86_64
Feb 12 23:31:18 Installed: httpd-tools-2.4.6-88.el7.centos.x86_64
Feb 12 23:31:26 Installed: centos-logos-70.0.6-3.el7.centos.noarch
Feb 12 23:31:27 Installed: mailcap-2.1.41-2.el7.noarch
Feb 12 23:31:35 Installed: httpd-2.4.6-88.el7.centos.x86_64
Feb 12 23:32:59 Installed: 1:perl-parent-0.225-244.el7.noarch
Feb 12 23:32:59 Installed: perl-HTTP-Tiny-0.033-3.el7.noarch
Feb 12 23:32:59 Installed: perl-podlators-2.5.1-3.el7.noarch
Feb 12 23:33:00 Installed: perl-Pod-Perldoc-3.20-4.el7.noarch
Feb 12 23:33:00 Installed: 1:perl-Pod-Escapes-1.04-294.el7_6.noarch
Feb 12 23:33:00 Installed: perl-Text-ParseWords-3.29-4.el7.noarch
Feb 12 23:33:03 Installed: perl-Encode-2.51-7.el7.x86_64
Feb 12 23:33:04 Installed: perl-Pod-Usage-1.63-3.el7.noarch
Feb 12 23:33:05 Installed: 4:perl-libs-5.16.3-294.el7_6.x86_64
Feb 12 23:33:05 Installed: 4:perl-macros-5.16.3-294.el7_6.x86_64
Feb 12 23:33:05 Installed: perl-Storable-2.45-3.el7.x86_64
Feb 12 23:33:05 Installed: perl-Exporter-5.68-3.el7.noarch
Feb 12 23:33:05 Installed: perl-constant-1.27-2.el7.noarch
Feb 12 23:33:05 Installed: perl-Time-Local-1.2300-2.el7.noarch
Feb 12 23:33:05 Installed: perl-Socket-2.010-4.el7.x86_64
Feb 12 23:33:05 Installed: perl-Carp-1.26-244.el7.noarch
Feb 12 23:33:06 Installed: 4:perl-Time-HiRes-1.9725-3.el7.x86_64
Feb 12 23:33:06 Installed: perl-PathTools-3.40-5.el7.x86_64
Feb 12 23:33:06 Installed: perl-Scalar-List-Utils-1.27-248.el7.x86_64
Feb 12 23:33:06 Installed: perl-File-Temp-0.23.01-3.el7.noarch
Feb 12 23:33:06 Installed: perl-File-Path-2.09-2.el7.noarch
Feb 12 23:33:06 Installed: perl-threads-shared-1.43-6.el7.x86_64
Feb 12 23:33:07 Installed: perl-threads-1.87-4.el7.x86_64
Feb 12 23:33:07 Installed: perl-Filter-1.49-3.el7.x86_64
Feb 12 23:33:08 Installed: 1:perl-Pod-Simple-3.28-4.el7.noarch
Feb 12 23:33:08 Installed: perl-Getopt-Long-2.40-3.el7.noarch
Feb 12 23:33:30 Installed: 4:perl-5.16.3-294.el7_6.x86_64
Feb 12 23:33:31 Installed: perl-Data-Dumper-2.145-3.el7.x86_64
Feb 12 23:33:31 Installed: perl-Compress-Raw-Bzip2-2.061-3.el7.x86_64
Feb 12 23:33:31 Installed: perl-Net-Daemon-0.48-5.el7.noarch
Feb 12 23:33:31 Installed: 1:perl-Compress-Raw-Zlib-2.061-4.el7.x86_64
Feb 12 23:33:32 Installed: perl-IO-Compress-2.061-2.el7.noarch
Feb 12 23:33:32 Installed: perl-PlRPC-0.2020-14.el7.noarch
Feb 12 23:33:34 Installed: perl-DBI-1.627-4.el7.x86_64
Feb 12 23:33:34 Installed: perl-DBD-MySQL-4.023-6.el7.x86_64
Feb 12 23:33:52 Installed: 1:mariadb-5.5.60-1.el7_5.x86_64
Feb 12 23:33:52 Installed: libaio-0.3.109-13.el7.x86_64
Feb 12 23:34:15 Installed: 1:mariadb-server-5.5.60-1.el7_5.x86_64
Feb 12 23:35:20 Installed: libjpeg-turbo-1.2.90-6.el7.x86_64
Feb 12 23:35:20 Installed: libX11-common-1.6.5-2.el7.noarch
Feb 12 23:35:20 Installed: libzip-0.10.1-8.el7.x86_64
Feb 12 23:35:20 Installed: php-common-5.4.16-46.el7.x86_64
Feb 12 23:35:21 Installed: php-cli-5.4.16-46.el7.x86_64
Feb 12 23:35:21 Installed: php-pdo-5.4.16-46.el7.x86_64
Feb 12 23:35:21 Installed: libXau-1.0.8-2.1.el7.x86_64
Feb 12 23:35:21 Installed: libxcb-1.13-1.el7.x86_64
Feb 12 23:35:21 Installed: libX11-1.6.5-2.el7.x86_64
Feb 12 23:35:21 Installed: libXpm-3.5.12-1.el7.x86_64
Feb 12 23:35:21 Installed: t1lib-5.1.2-14.el7.x86_64
Feb 12 23:35:21 Installed: php-gd-5.4.16-46.el7.x86_64
Feb 12 23:35:21 Installed: php-mysql-5.4.16-46.el7.x86_64
Feb 12 23:35:21 Installed: php-5.4.16-46.el7.x86_64
Feb 12 23:38:28 Installed: wget-1.14-18.el7.x86_64
Feb 12 23:38:28 Installed: unzip-6.0-19.el7.x86_64
Feb 13 00:31:08 Installed: 1:perl-Error-0.17020-2.el7.noarch
Feb 13 00:31:08 Installed: perl-TermReadKey-2.30-20.el7.x86_64
Feb 13 00:31:10 Installed: git-1.8.3.1-20.el7.x86_64
Feb 13 00:31:10 Installed: perl-Git-1.8.3.1-20.el7.noarch
